2023-04-09 18:22:39: [0mOPTIONS /wxid/list [32m200 [0m1.110 ms - -[0m
2023-04-09 18:22:39: SELECT COUNT(*) AS Total FROM tb_wxid WHERE 1=1;
2023-04-09 18:22:40: SELECT * FROM tb_wxid WHERE 1=1 LIMIT ? OFFSET ?;
2023-04-09 18:22:40: [0mPOST /wxid/list [32m200 [0m740.565 ms - 47[0m
2023-04-09 18:25:12: [0mOPTIONS /wxid/list [32m200 [0m0.209 ms - -[0m
2023-04-09 18:25:12: SELECT COUNT(*) AS Total FROM tb_wxid WHERE 1=1;
2023-04-09 18:25:12: SELECT * FROM tb_wxid WHERE 1=1 LIMIT ? OFFSET ?;
2023-04-09 18:25:12: [0mPOST /wxid/list [32m200 [0m4.847 ms - 47[0m
2023-04-09 18:26:45: [0mOPTIONS /wxid/add [32m200 [0m0.145 ms - -[0m
2023-04-09 18:26:45: [
2023-04-09 18:26:45:   OkPacket {
2023-04-09 18:26:45:     fieldCount: 0,
2023-04-09 18:26:45:     affectedRows: 1,
2023-04-09 18:26:45:     insertId: 174,
2023-04-09 18:26:45:     serverStatus: 10,
2023-04-09 18:26:45:     warningCount: 0,
2023-04-09 18:26:45:     message: '',
2023-04-09 18:26:45:     protocol41: true,
2023-04-09 18:26:45:     changedRows: 0
2023-04-09 18:26:45:   },
2023-04-09 18:26:45:   OkPacket {
2023-04-09 18:26:45:     fieldCount: 0,
2023-04-09 18:26:45:     affectedRows: 1,
2023-04-09 18:26:45:     insertId: 175,
2023-04-09 18:26:45:     serverStatus: 10,
2023-04-09 18:26:45:     warningCount: 0,
2023-04-09 18:26:45:     message: '',
2023-04-09 18:26:45:     protocol41: true,
2023-04-09 18:26:45:     changedRows: 0
2023-04-09 18:26:45:   },
2023-04-09 18:26:45:   OkPacket {
2023-04-09 18:26:45:     fieldCount: 0,
2023-04-09 18:26:45:     affectedRows: 1,
2023-04-09 18:26:45:     insertId: 176,
2023-04-09 18:26:45:     serverStatus: 10,
2023-04-09 18:26:45:     warningCount: 0,
2023-04-09 18:26:45:     message: '',
2023-04-09 18:26:45:     protocol41: true,
2023-04-09 18:26:45:     changedRows: 0
2023-04-09 18:26:45:   },
2023-04-09 18:26:45:   OkPacket {
2023-04-09 18:26:45:     fieldCount: 0,
2023-04-09 18:26:45:     affectedRows: 1,
2023-04-09 18:26:45:     insertId: 177,
2023-04-09 18:26:45:     serverStatus: 10,
2023-04-09 18:26:45:     warningCount: 0,
2023-04-09 18:26:45:     message: '',
2023-04-09 18:26:45:     protocol41: true,
2023-04-09 18:26:45:     changedRows: 0
2023-04-09 18:26:45:   },
2023-04-09 18:26:45:   OkPacket {
2023-04-09 18:26:45:     fieldCount: 0,
2023-04-09 18:26:45:     affectedRows: 1,
2023-04-09 18:26:45:     insertId: 178,
2023-04-09 18:26:45:     serverStatus: 10,
2023-04-09 18:26:45:     warningCount: 0,
2023-04-09 18:26:45:     message: '',
2023-04-09 18:26:45:     protocol41: true,
2023-04-09 18:26:45:     changedRows: 0
2023-04-09 18:26:45:   },
2023-04-09 18:26:45:   OkPacket {
2023-04-09 18:26:45:     fieldCount: 0,
2023-04-09 18:26:45:     affectedRows: 1,
2023-04-09 18:26:45:     insertId: 179,
2023-04-09 18:26:45:     serverStatus: 10,
2023-04-09 18:26:45:     warningCount: 0,
2023-04-09 18:26:45:     message: '',
2023-04-09 18:26:45:     protocol41: true,
2023-04-09 18:26:45:     changedRows: 0
2023-04-09 18:26:45:   },
2023-04-09 18:26:45:   OkPacket {
2023-04-09 18:26:45:     fieldCount: 0,
2023-04-09 18:26:45:     affectedRows: 1,
2023-04-09 18:26:45:     insertId: 180,
2023-04-09 18:26:45:     serverStatus: 2,
2023-04-09 18:26:45:     warningCount: 0,
2023-04-09 18:26:45:     message: '',
2023-04-09 18:26:45:     protocol41: true,
2023-04-09 18:26:45:     changedRows: 0
2023-04-09 18:26:45:   }
2023-04-09 18:26:45: ]
2023-04-09 18:26:45: [0mPOST /wxid/add [32m200 [0m5.837 ms - 301[0m
